Starting audit...
[ERROR] F:\ADS1\6023_ADS1\ADS1-assignments\md22\22.1 Ransom Note\Solution.java:2: Missing a Javadoc comment. [JavadocType]
[ERROR] F:\ADS1\6023_ADS1\ADS1-assignments\md22\22.1 Ransom Note\Solution.java:2:17: '{' is not preceded with whitespace. [WhitespaceAround]
[ERROR] F:\ADS1\6023_ADS1\ADS1-assignments\md22\22.1 Ransom Note\Solution.java:3:1: File contains tab characters (this is the first instance). [FileTabCharacter]
[ERROR] F:\ADS1\6023_ADS1\ADS1-assignments\md22\22.1 Ransom Note\Solution.java:3:9: Missing a Javadoc comment. [JavadocVariable]
[ERROR] F:\ADS1\6023_ADS1\ADS1-assignments\md22\22.1 Ransom Note\Solution.java:3:49: Variable 'hashObj' must be private and have accessor methods. [VisibilityModifier]
[ERROR] F:\ADS1\6023_ADS1\ADS1-assignments\md22\22.1 Ransom Note\Solution.java:4:9: Missing a Javadoc comment. [JavadocMethod]
[ERROR] F:\ADS1\6023_ADS1\ADS1-assignments\md22\22.1 Ransom Note\Solution.java:4:21: '{' is not preceded with whitespace. [WhitespaceAround]
[ERROR] F:\ADS1\6023_ADS1\ADS1-assignments\md22\22.1 Ransom Note\Solution.java:7:9: Missing a Javadoc comment. [JavadocMethod]
[ERROR] F:\ADS1\6023_ADS1\ADS1-assignments\md22\22.1 Ransom Note\Solution.java:7:27: Parameter item should be final. [FinalParameters]
[ERROR] F:\ADS1\6023_ADS1\ADS1-assignments\md22\22.1 Ransom Note\Solution.java:7:39: '{' is not preceded with whitespace. [WhitespaceAround]
[ERROR] F:\ADS1\6023_ADS1\ADS1-assignments\md22\22.1 Ransom Note\Solution.java:8:19: 'if' is not followed by whitespace. [WhitespaceAfter]
[ERROR] F:\ADS1\6023_ADS1\ADS1-assignments\md22\22.1 Ransom Note\Solution.java:10:23: 'else' is not followed by whitespace. [WhitespaceAfter]
[ERROR] F:\ADS1\6023_ADS1\ADS1-assignments\md22\22.1 Ransom Note\Solution.java:10:23: '{' is not preceded with whitespace. [WhitespaceAround]
[ERROR] F:\ADS1\6023_ADS1\ADS1-assignments\md22\22.1 Ransom Note\Solution.java:14:9: Missing a Javadoc comment. [JavadocMethod]
[ERROR] F:\ADS1\6023_ADS1\ADS1-assignments\md22\22.1 Ransom Note\Solution.java:14:29: Parameter array should be final. [FinalParameters]
[ERROR] F:\ADS1\6023_ADS1\ADS1-assignments\md22\22.1 Ransom Note\Solution.java:14:44: '{' is not preceded with whitespace. [WhitespaceAround]
[ERROR] F:\ADS1\6023_ADS1\ADS1-assignments\md22\22.1 Ransom Note\Solution.java:15:20: 'for' is not followed by whitespace. [WhitespaceAfter]
[ERROR] F:\ADS1\6023_ADS1\ADS1-assignments\md22\22.1 Ransom Note\Solution.java:15:54: '{' is not preceded with whitespace. [WhitespaceAround]
[ERROR] F:\ADS1\6023_ADS1\ADS1-assignments\md22\22.1 Ransom Note\Solution.java:16:27: 'if' is not followed by whitespace. [WhitespaceAfter]
[ERROR] F:\ADS1\6023_ADS1\ADS1-assignments\md22\22.1 Ransom Note\Solution.java:20:27: 'if' is not followed by whitespace. [WhitespaceAfter]
[ERROR] F:\ADS1\6023_ADS1\ADS1-assignments\md22\22.1 Ransom Note\Solution.java:20:41: '{' is not preceded with whitespace. [WhitespaceAround]
[ERROR] F:\ADS1\6023_ADS1\ADS1-assignments\md22\22.1 Ransom Note\Solution.java:22:26: 'else' is not preceded with whitespace. [WhitespaceAround]
[ERROR] F:\ADS1\6023_ADS1\ADS1-assignments\md22\22.1 Ransom Note\Solution.java:22:26: '}' is not followed by whitespace. [WhitespaceAround]
[ERROR] F:\ADS1\6023_ADS1\ADS1-assignments\md22\22.1 Ransom Note\Solution.java:22:30: 'else' is not followed by whitespace. [WhitespaceAfter]
[ERROR] F:\ADS1\6023_ADS1\ADS1-assignments\md22\22.1 Ransom Note\Solution.java:22:30: '{' is not preceded with whitespace. [WhitespaceAround]
[ERROR] F:\ADS1\6023_ADS1\ADS1-assignments\md22\22.1 Ransom Note\Solution.java:23:54: ',' is not followed by whitespace. [WhitespaceAfter]
[ERROR] F:\ADS1\6023_ADS1\ADS1-assignments\md22\22.1 Ransom Note\Solution.java:31: Missing a Javadoc comment. [JavadocType]
[ERROR] F:\ADS1\6023_ADS1\ADS1-assignments\md22\22.1 Ransom Note\Solution.java:31:1: Utility classes should not have a public or default constructor. [HideUtilityClassConstructor]
[ERROR] F:\ADS1\6023_ADS1\ADS1-assignments\md22\22.1 Ransom Note\Solution.java:31:15: '{' is not preceded with whitespace. [WhitespaceAround]
[ERROR] F:\ADS1\6023_ADS1\ADS1-assignments\md22\22.1 Ransom Note\Solution.java:32:9: Missing a Javadoc comment. [JavadocMethod]
[ERROR] F:\ADS1\6023_ADS1\ADS1-assignments\md22\22.1 Ransom Note\Solution.java:32:19: '{' is not preceded with whitespace. [WhitespaceAround]
[ERROR] F:\ADS1\6023_ADS1\ADS1-assignments\md22\22.1 Ransom Note\Solution.java:34:9: Missing a Javadoc comment. [JavadocMethod]
[ERROR] F:\ADS1\6023_ADS1\ADS1-assignments\md22\22.1 Ransom Note\Solution.java:40:20: 'for' is not followed by whitespace. [WhitespaceAfter]
[ERROR] F:\ADS1\6023_ADS1\ADS1-assignments\md22\22.1 Ransom Note\Solution.java:40:50: '{' is not preceded with whitespace. [WhitespaceAround]
[ERROR] F:\ADS1\6023_ADS1\ADS1-assignments\md22\22.1 Ransom Note\Solution.java:44:20: 'for' is not followed by whitespace. [WhitespaceAfter]
[ERROR] F:\ADS1\6023_ADS1\ADS1-assignments\md22\22.1 Ransom Note\Solution.java:44:53: '{' is not preceded with whitespace. [WhitespaceAround]
Audit done.
Checkstyle ends with 36 errors.
